app/build/outputs/mapping/release/configuration.txt
# The proguard configuration file for the following section is Android Gradle plugin 9.2.1 (extracted file: C:\onlycashbacks-android\app\build\intermediates\default_proguard_files\global\proguard-android-optimize.txt-9.2.1)
# This is a configuration file for ProGuard.
# http://proguard.sourceforge.net/index.html#manual/usage.html
#
# Starting with version 2.2 of the Android plugin for Gradle, this file is distributed together with
# the plugin and unpacked at build-time. The files in $ANDROID_HOME are no longer maintained and
# will be ignored by new version of the Android plugin for Gradle.

# Optimizations: If you don't want to optimize, use the proguard-android.txt configuration file
# instead of this one, which turns off the optimization flags.
-allowaccessmodification

# Preserve some attributes that may be required for reflection.
-keepattributes AnnotationDefault,
                EnclosingMethod,
                InnerClasses,
                RuntimeVisibleAnnotations,
                RuntimeVisibleParameterAnnotations,
                RuntimeVisibleTypeAnnotations,
                Signature

-keep public class com.google.vending.licensing.ILicensingService
-keep public class com.android.vending.licensing.ILicensingService
-keep public class com.google.android.vending.licensing.ILicensingService
-dontnote com.android.vending.licensing.ILicensingService
-dontnote com.google.vending.licensing.ILicensingService
-dontnote com.google.android.vending.licensing.ILicensingService

# For native methods, see https://www.guardsquare.com/manual/configuration/examples#native
-keepclasseswithmembernames,includedescriptorclasses class * {
    native <methods>;
}

# Keep setters in Views so that animations can still work.
-keepclassmembers public class * extends android.view.View {
    void set*(***);
    *** get*();
}

# We want to keep methods in Activity that could be used in the XML attribute onClick.
-keepclassmembers class * extends android.app.Activity {
    public void *(android.view.View);
}

# For enumeration classes, see https://www.guardsquare.com/manual/configuration/examples#enumerations
-keepclassmembers enum * {
    public static **[] values();
    public static ** valueOf(java.lang.String);
}

-keepclassmembers class * implements android.os.Parcelable {
    public static final ** CREATOR;
}

# Preserve annotated Javascript interface methods.
-keepclassmembers class * {
    @android.webkit.JavascriptInterface <methods>;
}

# The support libraries contains references to newer platform versions.
# Don't warn about those in case this app is linking against an older
# platform version. We know about them, and they are safe.
-dontnote android.support.**
-dontnote androidx.**
-dontwarn android.support.**
-dontwarn androidx.**

# Understand the @Keep support annotation.
-keep class android.support.annotation.Keep

-keep @android.support.annotation.Keep class * {*;}

-keepclasseswithmembers class * {
    @android.support.annotation.Keep <methods>;
}

-keepclasseswithmembers class * {
    @android.support.annotation.Keep <fields>;
}

-keepclasseswithmembers class * {
    @android.support.annotation.Keep <init>(...);
}

# These classes are duplicated between android.jar and org.apache.http.legacy.jar.
-dontnote org.apache.http.**
-dontnote android.net.http.**

# These classes are duplicated between android.jar and core-lambda-stubs.jar.
-dontnote java.lang.invoke.**

# End of content from Android Gradle plugin 9.2.1 (extracted file: C:\onlycashbacks-android\app\build\intermediates\default_proguard_files\global\proguard-android-optimize.txt-9.2.1)
# The proguard configuration file for the following section is androidx.appcompat:appcompat:1.7.0 (extracted file: C:\Users\Admin\.gradle\caches\9.5.1\transforms\df5d66475b56fad479b0b2a1124d86d5\transformed\appcompat-1.7.0\proguard.txt)
# Copyright (C) 2018 The Android Open Source Project
#
# Licensed under the Apache License, Version 2.0 (the "License");
# you may not use this file except in compliance with the License.
# You may obtain a copy of the License at
#
#      http://www.apache.org/licenses/LICENSE-2.0
#
# Unless required by applicable law or agreed to in writing, software
# distributed under the License is distributed on an "AS IS" BASIS,
# WITHOUT WARRANTIES OR CONDITIONS OF ANY KIND, either express or implied.
# See the License for the specific language governing permissions and
# limitations under the License.

# Never inline methods, but allow shrinking and obfuscation.
-keepclassmembernames,allowobfuscation,allowshrinking class androidx.appcompat.widget.AppCompatTextViewAutoSizeHelper$Impl* {
  <methods>;
}

# End of content from androidx.appcompat:appcompat:1.7.0 (extracted file: C:\Users\Admin\.gradle\caches\9.5.1\transforms\df5d66475b56fad479b0b2a1124d86d5\transformed\appcompat-1.7.0\proguard.txt)
# The proguard configuration file for the following section is androidx.browser:browser:1.10.0 (extracted file: C:\Users\Admin\.gradle\caches\9.5.1\transforms\794301c1df67987b652e2efaebd4badd\transformed\browser-1.10.0\proguard.txt)
# Intentionally empty proguard rules to indicate this library is safe to shrink

# End of content from androidx.browser:browser:1.10.0 (extracted file: C:\Users\Admin\.gradle\caches\9.5.1\transforms\794301c1df67987b652e2efaebd4badd\transformed\browser-1.10.0\proguard.txt)
# The proguard configuration file for the following section is androidx.fragment:fragment:1.5.4 (extracted file: C:\Users\Admin\.gradle\caches\9.5.1\transforms\651bcf449af6b2ccd9dc51aa2c393fab\transformed\fragment-1.5.4\proguard.txt)
# Copyright (C) 2020 The Android Open Source Project
#
# Licensed under the Apache License, Version 2.0 (the "License");
# you may not use this file except in compliance with the License.
# You may obtain a copy of the License at
#
#      http://www.apache.org/licenses/LICENSE-2.0
#
# Unless required by applicable law or agreed to in writing, software
# distributed under the License is distributed on an "AS IS" BASIS,
# WITHOUT WARRANTIES OR CONDITIONS OF ANY KIND, either express or implied.
# See the License for the specific language governing permissions and
# limitations under the License.

# The default FragmentFactory creates Fragment instances using reflection
-if public class ** extends androidx.fragment.app.Fragment
-keepclasseswithmembers,allowobfuscation public class <1> {
    public <init>();
}

# End of content from androidx.fragment:fragment:1.5.4 (extracted file: C:\Users\Admin\.gradle\caches\9.5.1\transforms\651bcf449af6b2ccd9dc51aa2c393fab\transformed\fragment-1.5.4\proguard.txt)
# The proguard configuration file for the following section is androidx.savedstate:savedstate:1.2.1 (extracted file: C:\Users\Admin\.gradle\caches\9.5.1\transforms\0435a1aafb2fa511ed831818d240c22e\transformed\savedstate-1.2.1\proguard.txt)
# Copyright (C) 2019 The Android Open Source Project
#
# Licensed under the Apache License, Version 2.0 (the "License");
# you may not use this file except in compliance with the License.
# You may obtain a copy of the License at
#
#      http://www.apache.org/licenses/LICENSE-2.0
#
# Unless required by applicable law or agreed to in writing, software
# distributed under the License is distributed on an "AS IS" BASIS,
# WITHOUT WARRANTIES OR CONDITIONS OF ANY KIND, either express or implied.
# See the License for the specific language governing permissions and
# limitations under the License.

-keepclassmembers,allowobfuscation class * implements androidx.savedstate.SavedStateRegistry$AutoRecreated {
    <init>();
}

# End of content from androidx.savedstate:savedstate:1.2.1 (extracted file: C:\Users\Admin\.gradle\caches\9.5.1\transforms\0435a1aafb2fa511ed831818d240c22e\transformed\savedstate-1.2.1\proguard.txt)
# The proguard configuration file for the following section is androidx.lifecycle:lifecycle-process:2.6.2 (extracted file: C:\Users\Admin\.gradle\caches\9.5.1\transforms\84b574aea57ecfa47d84a600ac4ec5f8\transformed\lifecycle-process-2.6.2\proguard.txt)
# this rule is need to work properly when app is compiled with api 28, see b/142778206
-keepclassmembers class * extends androidx.lifecycle.EmptyActivityLifecycleCallbacks { *; }
# End of content from androidx.lifecycle:lifecycle-process:2.6.2 (extracted file: C:\Users\Admin\.gradle\caches\9.5.1\transforms\84b574aea57ecfa47d84a600ac4ec5f8\transformed\lifecycle-process-2.6.2\proguard.txt)
# The proguard configuration file for the following section is androidx.lifecycle:lifecycle-viewmodel:2.6.2 (extracted file: C:\Users\Admin\.gradle\caches\9.5.1\transforms\9c9d598bf457fdc4aa6a127bda525769\transformed\lifecycle-viewmodel-2.6.2\proguard.txt)
-keepclassmembers,allowobfuscation class * extends androidx.lifecycle.ViewModel {
    <init>();
}

-keepclassmembers,allowobfuscation class * extends androidx.lifecycle.AndroidViewModel {
    <init>(android.app.Application);
}

# End of content from androidx.lifecycle:lifecycle-viewmodel:2.6.2 (extracted file: C:\Users\Admin\.gradle\caches\9.5.1\transforms\9c9d598bf457fdc4aa6a127bda525769\transformed\lifecycle-viewmodel-2.6.2\proguard.txt)
# The proguard configuration file for the following section is androidx.lifecycle:lifecycle-runtime:2.6.2 (extracted file: C:\Users\Admin\.gradle\caches\9.5.1\transforms\0a99fe35fe8830e1497ec5fedc946303\transformed\lifecycle-runtime-2.6.2\proguard.txt)
-keepattributes AnnotationDefault,
                RuntimeVisibleAnnotations,
                RuntimeVisibleParameterAnnotations,
                RuntimeVisibleTypeAnnotations

-keepclassmembers enum androidx.lifecycle.Lifecycle$Event {
    <fields>;
}

-keep !interface * implements androidx.lifecycle.LifecycleObserver {
}

-keep class * implements androidx.lifecycle.GeneratedAdapter {
    <init>(...);
}

-keepclassmembers class ** {
    @androidx.lifecycle.OnLifecycleEvent *;
}

# this rule is need to work properly when app is compiled with api 28, see b/142778206
# Also this rule prevents registerIn from being inlined.
-keepclassmembers class androidx.lifecycle.ReportFragment$LifecycleCallbacks { *; }
# End of content from androidx.lifecycle:lifecycle-runtime:2.6.2 (extracted file: C:\Users\Admin\.gradle\caches\9.5.1\transforms\0a99fe35fe8830e1497ec5fedc946303\transformed\lifecycle-runtime-2.6.2\proguard.txt)
# The proguard configuration file for the following section is androidx.lifecycle:lifecycle-viewmodel-savedstate:2.6.2 (extracted file: C:\Users\Admin\.gradle\caches\9.5.1\transforms\82e242bf296fa44937c6d42a4138715a\transformed\lifecycle-viewmodel-savedstate-2.6.2\proguard.txt)
-keepclassmembers,allowobfuscation class * extends androidx.lifecycle.ViewModel {
    <init>(androidx.lifecycle.SavedStateHandle);
}

-keepclassmembers,allowobfuscation class * extends androidx.lifecycle.AndroidViewModel {
    <init>(android.app.Application,androidx.lifecycle.SavedStateHandle);
}

# End of content from androidx.lifecycle:lifecycle-viewmodel-savedstate:2.6.2 (extracted file: C:\Users\Admin\.gradle\caches\9.5.1\transforms\82e242bf296fa44937c6d42a4138715a\transformed\lifecycle-viewmodel-savedstate-2.6.2\proguard.txt)
# The proguard configuration file for the following section is androidx.core:core-ktx:1.17.0 (extracted file: C:\Users\Admin\.gradle\caches\9.5.1\transforms\2fd9bf916d6903f982bf2ca2e542caec\transformed\core-ktx-1.17.0\proguard.txt)
# Intentionally empty proguard rules to indicate this library is safe to shrink

# End of content from androidx.core:core-ktx:1.17.0 (extracted file: C:\Users\Admin\.gradle\caches\9.5.1\transforms\2fd9bf916d6903f982bf2ca2e542caec\transformed\core-ktx-1.17.0\proguard.txt)
# The proguard configuration file for the following section is androidx.vectordrawable:vectordrawable-animated:1.1.0 (extracted file: C:\Users\Admin\.gradle\caches\9.5.1\transforms\05f8f898049cc6e6c08a2cf8f01cf631\transformed\vectordrawable-animated-1.1.0\proguard.txt)
# Copyright (C) 2016 The Android Open Source Project
#
# Licensed under the Apache License, Version 2.0 (the "License");
# you may not use this file except in compliance with the License.
# You may obtain a copy of the License at
#
#      http://www.apache.org/licenses/LICENSE-2.0
#
# Unless required by applicable law or agreed to in writing, software
# distributed under the License is distributed on an "AS IS" BASIS,
# WITHOUT WARRANTIES OR CONDITIONS OF ANY KIND, either express or implied.
# See the License for the specific language governing permissions and
# limitations under the License.

# keep setters in VectorDrawables so that animations can still work.
-keepclassmembers class androidx.vectordrawable.graphics.drawable.VectorDrawableCompat$* {
   void set*(***);
   *** get*();
}

# End of content from androidx.vectordrawable:vectordrawable-animated:1.1.0 (extracted file: C:\Users\Admin\.gradle\caches\9.5.1\transforms\05f8f898049cc6e6c08a2cf8f01cf631\transformed\vectordrawable-animated-1.1.0\proguard.txt)
# The proguard configuration file for the following section is androidx.core:core:1.17.0 (extracted file: C:\Users\Admin\.gradle\caches\9.5.1\transforms\08308db7e097d9fd8500f6ba88c1e932\transformed\core-1.17.0\proguard.txt)
# Never inline methods, but allow shrinking and obfuscation.
-keepclassmembernames,allowobfuscation,allowshrinking class androidx.core.view.ViewCompat$Api* {
  <methods>;
}
-keepclassmembernames,allowobfuscation,allowshrinking class androidx.core.view.WindowInsetsCompat$*Impl* {
  <methods>;
}
-keepclassmembernames,allowobfuscation,allowshrinking class androidx.core.app.NotificationCompat$*$Api*Impl {
  <methods>;
}
-keepclassmembernames,allowobfuscation,allowshrinking class androidx.core.os.UserHandleCompat$Api*Impl {
  <methods>;
}
-keepclassmembernames,allowobfuscation,allowshrinking class androidx.core.widget.EdgeEffectCompat$Api*Impl {
  <methods>;
}

# End of content from androidx.core:core:1.17.0 (extracted file: C:\Users\Admin\.gradle\caches\9.5.1\transforms\08308db7e097d9fd8500f6ba88c1e932\transformed\core-1.17.0\proguard.txt)
# The proguard configuration file for the following section is androidx.startup:startup-runtime:1.1.1 (extracted file: C:\Users\Admin\.gradle\caches\9.5.1\transforms\fd5e6aa764a18893432829c31e3312fd\transformed\startup-runtime-1.1.1\proguard.txt)
# It's important that we preserve initializer names, given they are used in the AndroidManifest.xml.
-keepnames class * extends androidx.startup.Initializer

# These Proguard rules ensures that ComponentInitializers are are neither shrunk nor obfuscated,
# and are a part of the primary dex file. This is because they are discovered and instantiated
# during application startup.
-keep class * extends androidx.startup.Initializer {
    # Keep the public no-argument constructor while allowing other methods to be optimized.
    <init>();
}

-assumenosideeffects class androidx.startup.StartupLogger { public static <methods>; }

# End of content from androidx.startup:startup-runtime:1.1.1 (extracted file: C:\Users\Admin\.gradle\caches\9.5.1\transforms\fd5e6aa764a18893432829c31e3312fd\transformed\startup-runtime-1.1.1\proguard.txt)
# The proguard configuration file for the following section is androidx.versionedparcelable:versionedparcelable:1.1.1 (extracted file: C:\Users\Admin\.gradle\caches\9.5.1\transforms\9364fdfc96a00e5e61b9c97127a24a7d\transformed\versionedparcelable-1.1.1\proguard.txt)
-keep class * implements androidx.versionedparcelable.VersionedParcelable
-keep public class android.support.**Parcelizer { *; }
-keep public class androidx.**Parcelizer { *; }
-keep public class androidx.versionedparcelable.ParcelImpl

# End of content from androidx.versionedparcelable:versionedparcelable:1.1.1 (extracted file: C:\Users\Admin\.gradle\caches\9.5.1\transforms\9364fdfc96a00e5e61b9c97127a24a7d\transformed\versionedparcelable-1.1.1\proguard.txt)
# The proguard configuration file for the following section is androidx.annotation:annotation-jvm:1.9.1 (extracted file: C:\Users\Admin\.gradle\caches\9.5.1\transforms\789e5a1c623518a5391bf6e36dc1b3c6\transformed\shrink-rules\lib\META-INF\proguard\androidx-annotations.pro)
-keep,allowobfuscation @interface androidx.annotation.Keep
-keep @androidx.annotation.Keep class * {*;}

-keepclasseswithmembers class * {
    @androidx.annotation.Keep <methods>;
}

-keepclasseswithmembers class * {
    @androidx.annotation.Keep <fields>;
}

-keepclasseswithmembers class * {
    @androidx.annotation.Keep <init>(...);
}

-keepclassmembers,allowobfuscation class * {
  @androidx.annotation.DoNotInline <methods>;
}

# End of content from androidx.annotation:annotation-jvm:1.9.1 (extracted file: C:\Users\Admin\.gradle\caches\9.5.1\transforms\789e5a1c623518a5391bf6e36dc1b3c6\transformed\shrink-rules\lib\META-INF\proguard\androidx-annotations.pro)
# The proguard configuration file for the following section is androidx.core:core-viewtree:1.0.0 (extracted file: C:\Users\Admin\.gradle\caches\9.5.1\transforms\0dd0b9a702acedca3a9d1ce8a822dfcb\transformed\core-viewtree-1.0.0\proguard.txt)
# Intentionally empty proguard rules to indicate this library is safe to shrink

# End of content from androidx.core:core-viewtree:1.0.0 (extracted file: C:\Users\Admin\.gradle\caches\9.5.1\transforms\0dd0b9a702acedca3a9d1ce8a822dfcb\transformed\core-viewtree-1.0.0\proguard.txt)
# The proguard configuration file for the following section is org.jetbrains.kotlinx:kotlinx-coroutines-android:1.8.1 (extracted file: C:\Users\Admin\.gradle\caches\9.5.1\transforms\da2232ba7d517203e16f0be2ea81844e\transformed\shrink-rules\lib\META-INF\com.android.tools\r8-from-1.6.0\coroutines.pro)
# Allow R8 to optimize away the FastServiceLoader.
# Together with ServiceLoader optimization in R8
# this results in direct instantiation when loading Dispatchers.Main
-assumenosideeffects class kotlinx.coroutines.internal.MainDispatcherLoader {
    boolean FAST_SERVICE_LOADER_ENABLED return false;
}

-assumenosideeffects class kotlinx.coroutines.internal.FastServiceLoaderKt {
    boolean ANDROID_DETECTED return true;
}

# Disable support for "Missing Main Dispatcher", since we always have Android main dispatcher
-assumenosideeffects class kotlinx.coroutines.internal.MainDispatchersKt {
    boolean SUPPORT_MISSING return false;
}

# Statically turn off all debugging facilities and assertions
-assumenosideeffects class kotlinx.coroutines.DebugKt {
    boolean getASSERTIONS_ENABLED() return false;
    boolean getDEBUG() return false;
    boolean getRECOVER_STACK_TRACES() return false;
}

# End of content from org.jetbrains.kotlinx:kotlinx-coroutines-android:1.8.1 (extracted file: C:\Users\Admin\.gradle\caches\9.5.1\transforms\da2232ba7d517203e16f0be2ea81844e\transformed\shrink-rules\lib\META-INF\com.android.tools\r8-from-1.6.0\coroutines.pro)
# The proguard configuration file for the following section is org.jetbrains.kotlinx:kotlinx-coroutines-core-jvm:1.8.1 (extracted file: C:\Users\Admin\.gradle\caches\9.5.1\transforms\72c9d20c14f4bfbd9c97d56f141ad6e2\transformed\shrink-rules\lib\META-INF\com.android.tools\r8\coroutines.pro)
# When editing this file, update the following files as well:
# - META-INF/proguard/coroutines.pro
# - META-INF/com.android.tools/proguard/coroutines.pro

# Most of volatile fields are updated with AFU and should not be mangled
-keepclassmembers class kotlinx.coroutines.** {
    volatile <fields>;
}

# Same story for the standard library's SafeContinuation that also uses AtomicReferenceFieldUpdater
-keepclassmembers class kotlin.coroutines.SafeContinuation {
    volatile <fields>;
}

# These classes are only required by kotlinx.coroutines.debug.AgentPremain, which is only loaded when
# kotlinx-coroutines-core is used as a Java agent, so these are not needed in contexts where ProGuard is used.
-dontwarn java.lang.instrument.ClassFileTransformer
-dontwarn sun.misc.SignalHandler
-dontwarn java.lang.instrument.Instrumentation
-dontwarn sun.misc.Signal

# Only used in `kotlinx.coroutines.internal.ExceptionsConstructor`.