app/build/outputs/mapping/release/seeds.txt
in.onlycashbacks.twa.LauncherActivity
in.onlycashbacks.twa.Application
in.onlycashbacks.twa.DelegationService
in.onlycashbacks.twa.Application: Application()
in.onlycashbacks.twa.LauncherActivity: LauncherActivity()
in.onlycashbacks.twa.DelegationService: DelegationService()
...
androidx.activity.OnBackPressedDispatcher$LifecycleOnBackPressedCancellable
androidx.appcompat.widget.DialogTitle
androidx.lifecycle.LifecycleCoroutineScopeImpl
androidx.lifecycle.ReportFragment
androidx.emoji2.text.EmojiCompatInitializer$1
androidx.lifecycle.Lifecycle$Event: androidx.lifecycle.Lifecycle$Event ON_DESTROY
androidx.lifecycle.Lifecycle$Event: androidx.lifecycle.Lifecycle$Event ON_ANY
androidx.lifecycle.Lifecycle$Event: androidx.lifecycle.Lifecycle$Event ON_CREATE
androidx.lifecycle.Lifecycle$Event: androidx.lifecycle.Lifecycle$Event ON_PAUSE
androidx.lifecycle.ProcessLifecycleOwner$attach$1: androidx.lifecycle.ProcessLifecycleOwner this$0
androidx.lifecycle.Lifecycle$Event: androidx.lifecycle.Lifecycle$Event ON_START
androidx.lifecycle.Lifecycle$Event: androidx.lifecycle.Lifecycle$Event[] $VALUES
androidx.lifecycle.ReportFragment$LifecycleCallbacks: androidx.lifecycle.ReportFragment$LifecycleCallbacks$Companion Companion
androidx.appcompat.widget.AppCompatSpinner$SavedState: android.os.Parcelable$Creator CREATOR
androidx.lifecycle.ProcessLifecycleOwner$attach$1$onActivityPreCreated$1: androidx.lifecycle.ProcessLifecycleOwner this$0
androidx.lifecycle.Lifecycle$Event: androidx.lifecycle.Lifecycle$Event ON_RESUME
androidx.concurrent.futures.AbstractResolvableFuture$Waiter: androidx.concurrent.futures.AbstractResolvableFuture$Waiter next
androidx.core.widget.NestedScrollView$SavedState: android.os.Parcelable$Creator CREATOR
androidx.concurrent.futures.AbstractResolvableFuture: java.lang.Object value
androidx.versionedparcelable.ParcelImpl: android.os.Parcelable$Creator CREATOR
androidx.concurrent.futures.AbstractResolvableFuture$Waiter: java.lang.Thread thread
androidx.customview.view.AbsSavedState: android.os.Parcelable$Creator CREATOR
androidx.appcompat.widget.Toolbar$SavedState: android.os.Parcelable$Creator CREATOR
androidx.lifecycle.Lifecycle$Event: androidx.lifecycle.Lifecycle$Event$Companion Companion
androidx.lifecycle.Lifecycle$Event: androidx.lifecycle.Lifecycle$Event ON_STOP
androidx.concurrent.futures.AbstractResolvableFuture: androidx.concurrent.futures.AbstractResolvableFuture$Waiter waiters
androidx.concurrent.futures.AbstractResolvableFuture: androidx.concurrent.futures.AbstractResolvableFuture$Listener listeners
androidx.lifecycle.ReportFragment$LifecycleCallbacks: void registerIn(android.app.Activity)
androidx.appcompat.widget.AppCompatAutoCompleteTextView: void setEmojiCompatEnabled(boolean)
androidx.appcompat.widget.Toolbar: int getTitleMarginBottom()
androidx.appcompat.widget.FitWindowsLinearLayout: FitWindowsLinearLayout(android.content.Context)
androidx.appcompat.widget.AppCompatCheckedTextView: void setBackgroundResource(int)
androidx.core.view.WindowInsetsCompat$Impl20: androidx.core.graphics.Insets getInsets(int)
androidx.appcompat.widget.Toolbar: int getContentInsetRight()
androidx.appcompat.widget.AppCompatImageView: void setBackgroundDrawable(android.graphics.drawable.Drawable)
androidx.appcompat.widget.AppCompatTextView: void setTextClassifier(android.view.textclassifier.TextClassifier)
androidx.profileinstaller.ProfileVerifier$Api33Impl: android.content.pm.PackageInfo getPackageInfo(android.content.pm.PackageManager,android.content.Context)
androidx.appcompat.widget.AppCompatCheckBox: android.content.res.ColorStateList getSupportCompoundDrawablesTintList()
androidx.core.view.WindowInsetsCompat$Impl28: WindowInsetsCompat$Impl28(androidx.core.view.WindowInsetsCompat,android.view.WindowInsets)
androidx.appcompat.widget.AppCompatToggleButton: void setSupportBackgroundTintList(android.content.res.ColorStateList)
androidx.core.app.RemoteActionCompat: RemoteActionCompat()
androidx.appcompat.widget.Toolbar$Api33Impl: android.window.OnBackInvokedDispatcher findOnBackInvokedDispatcher(android.view.View)
androidx.appcompat.widget.MenuPopupWindow$MenuDropDownListView: void setSelector(android.graphics.drawable.Drawable)