app/build/outputs/mapping/release/usage.txt
in.onlycashbacks.twa.R$bool
in.onlycashbacks.twa.R$color
in.onlycashbacks.twa.R$drawable
in.onlycashbacks.twa.R$integer
in.onlycashbacks.twa.R$mipmap
in.onlycashbacks.twa.R$string
in.onlycashbacks.twa.R$xml
in.onlycashbacks.twa.R
in.onlycashbacks.twa.DelegationService:
    public final com.google.androidbrowserhelper.trusted.SharedPreferencesTokenStore getTokenStore()
    public final android.os.Bundle onExtraCommand()
    public static void registerExtraCommandHandler()
in.onlycashbacks.twa.LauncherActivity:
    public static com.google.androidbrowserhelper.trusted.TwaLauncher createTwaLauncher()
    public static int getColorCompat()
    public static androidx.browser.customtabs.CustomTabsCallback getCustomTabsCallback()
    public static androidx.browser.trusted.TrustedWebActivityDisplayMode getDisplayMode()
    public static com.google.androidbrowserhelper.trusted.TwaLauncher$FallbackStrategy getFallbackStrategy()
    public static android.net.Uri getLaunchingUrl()
    public static java.util.Map getProtocolHandlers()
    public static android.widget.ImageView$ScaleType getSplashImageScaleType()
    public static android.graphics.Matrix getSplashImageTransformationMatrix()
    public static android.net.Uri getUrlForIntent()
    public static void launchTwa()
    public static boolean shouldLaunchImmediately()
...
kotlin.ranges.OpenEndRange$DefaultImpls
kotlin.ranges.OpenEndRange
kotlin.ranges.RangesKt:
    private void <init>()
kotlin.ranges.RangesKt__RangesKt:
    public void <init>()
    public static final void checkStepIsPositive(boolean,java.lang.Number)
    private static final boolean contains(kotlin.ranges.ClosedRange,java.lang.Object)
    private static final boolean contains(kotlin.ranges.OpenEndRange,java.lang.Object)
    public static final kotlin.ranges.ClosedFloatingPointRange rangeTo(double,double)
    public static final kotlin.ranges.ClosedFloatingPointRange rangeTo(float,float)
    public static final kotlin.ranges.ClosedRange rangeTo(java.lang.Comparable,java.lang.Comparable)
    public static final kotlin.ranges.OpenEndRange rangeUntil(double,double)
    public static final kotlin.ranges.OpenEndRange rangeUntil(float,float)
    public static final kotlin.ranges.OpenEndRange rangeUntil(java.lang.Comparable,java.lang.Comparable)
kotlin.ranges.RangesKt___RangesKt:
    public void <init>()
    public static final synthetic boolean byteRangeContains(kotlin.ranges.ClosedRange,double)
    public static final synthetic boolean byteRangeContains(kotlin.ranges.ClosedRange,float)
    public static final boolean byteRangeContains(kotlin.ranges.ClosedRange,int)
    public static final boolean byteRangeContains(kotlin.ranges.ClosedRange,long)
    public static final boolean byteRangeContains(kotlin.ranges.ClosedRange,short)
    public static final boolean byteRangeContains(kotlin.ranges.OpenEndRange,int)
    public static final boolean byteRangeContains(kotlin.ranges.OpenEndRange,long)
    public static final boolean byteRangeContains(kotlin.ranges.OpenEndRange,short)
    public static final byte coerceAtLeast(byte,byte)
    public static final double coerceAtLeast(double,double)
    public static final float coerceAtLeast(float,float)
    public static final long coerceAtLeast(long,long)
    public static final java.lang.Comparable coerceAtLeast(java.lang.Comparable,java.lang.Comparable)
    public static final short coerceAtLeast(short,short)
    public static final byte coerceAtMost(byte,byte)
    public static final double coerceAtMost(double,double)
    public static final float coerceAtMost(float,float)
    public static final long coerceAtMost(long,long)
    public static final java.lang.Comparable coerceAtMost(java.lang.Comparable,java.lang.Comparable)
kotlin.ranges.UIntProgression$Companion
kotlin.ranges.UIntProgression
kotlin.ranges.UIntProgressionIterator
kotlin.ranges.UIntRange$Companion
kotlin.ranges.UIntRange
kotlin.ranges.ULongProgression$Companion
kotlin.ranges.ULongProgression
kotlin.ranges.ULongProgressionIterator
kotlin.ranges.ULongRange$Companion
kotlin.ranges.ULongRange
kotlin.ranges.URangesKt
kotlin.ranges.URangesKt___URangesKt
kotlin.reflect.GenericArrayTypeImpl
kotlin.reflect.KAnnotatedElement
kotlin.reflect.KCallable$DefaultImpls
kotlin.reflect.KCallable:
    public varargs abstract java.lang.Object call(java.lang.Object[])
    public abstract java.lang.Object callBy(java.util.Map)
    public abstract java.lang.String getName()
    public abstract java.util.List getParameters()
    public abstract kotlin.reflect.KType getReturnType()
    public abstract java.util.List getTypeParameters()
    public abstract kotlin.reflect.KVisibility getVisibility()
    public abstract boolean isAbstract()
    public abstract boolean isFinal()
    public abstract boolean isOpen()
    public abstract boolean isSuspend()
kotlin.reflect.KClass$DefaultImpls